<?xml version="1.0" encoding="utf-8"?>
<coverage line-rate="1" branch-rate="0.9285" version="1.9" timestamp="1687711793" lines-covered="22" lines-valid="22" branches-covered="13" branches-valid="14">
  <sources>
    <source>C:\</source>
  </sources>
  <packages>
    <package name="SquareEquationLib" line-rate="1" branch-rate="0.9285" complexity="14">
      <classes>
        <class name="SquareEquationLib.SquareEquation" filename="Users\ZALMAN\source\repos\OmSTU-AMCS-SummerPractice2023\SquareEquationLib\SquareEquation.cs" line-rate="1" branch-rate="0.9285" complexity="14">
          <methods>
            <method name="Solve" signature="(System.Double,System.Double,System.Double)" line-rate="1" branch-rate="0.9285" complexity="14">
              <lines>
                <line number="5" hits="7" branch="False" />
                <line number="6" hits="7" branch="False" />
                <line number="7" hits="7" branch="True" condition-coverage="100% (4/4)">
                  <conditions>
                    <condition number="14" type="jump" coverage="100%" />
                    <condition number="25" type="jump" coverage="100%" />
                  </conditions>
                </line>
                <line number="8" hits="1" branch="False" />
                <line number="9" hits="1" branch="False" />
                <line number="11" hits="6" branch="True" condition-coverage="100% (4/4)">
                  <conditions>
                    <condition number="69" type="jump" coverage="100%" />
                    <condition number="113" type="jump" coverage="100%" />
                  </conditions>
                </line>
                <line number="12" hits="3" branch="False" />
                <line number="13" hits="3" branch="False" />
                <line number="15" hits="3" branch="False" />
                <line number="16" hits="3" branch="False" />
                <line number="17" hits="4" branch="True" condition-coverage="100% (2/2)">
                  <conditions>
                    <condition number="159" type="jump" coverage="100%" />
                  </conditions>
                </line>
                <line number="18" hits="2" branch="True" condition-coverage="75% (3/4)">
                  <conditions>
                    <condition number="169" type="jump" coverage="50%" />
                    <condition number="182" type="jump" coverage="100%" />
                  </conditions>
                </line>
                <line number="19" hits="1" branch="False" />
                <line number="20" hits="1" branch="False" />
                <line number="21" hits="1" branch="False" />
                <line number="22" hits="1" branch="False" />
                <line number="25" hits="1" branch="False" />
                <line number="26" hits="1" branch="False" />
                <line number="27" hits="1" branch="False" />
                <line number="28" hits="1" branch="False" />
                <line number="29" hits="1" branch="False" />
                <line number="31" hits="3" branch="False" />
              </lines>
            </method>
          </methods>
          <lines>
            <line number="5" hits="7" branch="False" />
            <line number="6" hits="7" branch="False" />
            <line number="7" hits="7" branch="True" condition-coverage="100% (4/4)">
              <conditions>
                <condition number="14" type="jump" coverage="100%" />
                <condition number="25" type="jump" coverage="100%" />
              </conditions>
            </line>
            <line number="8" hits="1" branch="False" />
            <line number="9" hits="1" branch="False" />
            <line number="11" hits="6" branch="True" condition-coverage="100% (4/4)">
              <conditions>
                <condition number="69" type="jump" coverage="100%" />
                <condition number="113" type="jump" coverage="100%" />
              </conditions>
            </line>
            <line number="12" hits="3" branch="False" />
            <line number="13" hits="3" branch="False" />
            <line number="15" hits="3" branch="False" />
            <line number="16" hits="3" branch="False" />
            <line number="17" hits="4" branch="True" condition-coverage="100% (2/2)">
              <conditions>
                <condition number="159" type="jump" coverage="100%" />
              </conditions>
            </line>
            <line number="18" hits="2" branch="True" condition-coverage="75% (3/4)">
              <conditions>
                <condition number="169" type="jump" coverage="50%" />
                <condition number="182" type="jump" coverage="100%" />
              </conditions>
            </line>
            <line number="19" hits="1" branch="False" />
            <line number="20" hits="1" branch="False" />
            <line number="21" hits="1" branch="False" />
            <line number="22" hits="1" branch="False" />
            <line number="25" hits="1" branch="False" />
            <line number="26" hits="1" branch="False" />
            <line number="27" hits="1" branch="False" />
            <line number="28" hits="1" branch="False" />
            <line number="29" hits="1" branch="False" />
            <line number="31" hits="3" branch="False" />
          </lines>
        </class>
      </classes>
    </package>
  </packages>
</coverage>